<?xml version="1.0" encoding="UTF-8"?>
<!-- Generated by org.testng.reporters.JUnitXMLReporter -->
<testsuite hostname="LAPTOP-A4I96GSD" ignored="3" name="Multiple_Parameters" tests="7" failures="0" timestamp="2020-07-02T00:24:23 IST" time="0.051" errors="0">
  <testcase name="testSubtract" time="0.003" classname="com.testNG.TestNG_Assignment"/>
  <testcase name="testDivide" time="0.004" classname="com.testNG.TestNG_Assignment"/>
  <testcase name="testMultiply" time="0.006" classname="com.testNG.TestNG_Assignment"/>
  <testcase name="testMultiply" time="0.003" classname="com.testNG.TestNG_Assignment"/>
  <testcase name="testMultiply" time="0.002" classname="com.testNG.TestNG_Assignment"/>
  <testcase name="testExponent" time="0.015" classname="com.testNG.TestNG_Assignment"/>
  <testcase name="testMod" time="0.009" classname="com.testNG.TestNG_Assignment"/>
  <testcase name="testAdd" time="0.0" classname="com.testNG.TestNG_Assignment">
    <ignored/>
  </testcase> <!-- testAdd -->
  <testcase name="testInverse" time="0.0" classname="com.testNG.TestNG_Assignment">
    <ignored/>
  </testcase> <!-- testInverse -->
  <testcase name="testNegate" time="0.0" classname="com.testNG.TestNG_Assignment">
    <ignored/>
  </testcase> <!-- testNegate -->
</testsuite> <!-- Multiple_Parameters -->
