<?xml version="1.0" encoding="UTF-8"?>
<!-- Generated by org.testng.reporters.JUnitXMLReporter -->
<testsuite hostname="LAPTOP-A4I96GSD" ignored="6" name="Single_Parameter" tests="2" failures="0" timestamp="2020-07-02T00:24:23 IST" time="0.084" errors="0">
  <testcase name="testInverse" time="0.015" classname="com.testNG.TestNG_Assignment"/>
  <testcase name="testNegate" time="0.015" classname="com.testNG.TestNG_Assignment"/>
  <testcase name="testAdd" time="0.0" classname="com.testNG.TestNG_Assignment">
    <ignored/>
  </testcase> <!-- testAdd -->
  <testcase name="testMultiply" time="0.0" classname="com.testNG.TestNG_Assignment">
    <ignored/>
  </testcase> <!-- testMultiply -->
  <testcase name="testExponent" time="0.0" classname="com.testNG.TestNG_Assignment">
    <ignored/>
  </testcase> <!-- testExponent -->
  <testcase name="testMod" time="0.0" classname="com.testNG.TestNG_Assignment">
    <ignored/>
  </testcase> <!-- testMod -->
  <testcase name="testSubtract" time="0.0" classname="com.testNG.TestNG_Assignment">
    <ignored/>
  </testcase> <!-- testSubtract -->
  <testcase name="testDivide" time="0.0" classname="com.testNG.TestNG_Assignment">
    <ignored/>
  </testcase> <!-- testDivide -->
</testsuite> <!-- Single_Parameter -->
