<?xml version="1.0" encoding="UTF-8"?>
<!-- Generated by org.testng.reporters.JUnitXMLReporter -->
<testsuite hostname="LAPTOP-A4I96GSD" ignored="6" name="Test" tests="2" failures="0" timestamp="2020-07-01T23:54:26 IST" time="0.101" errors="0">
  <testcase name="testNegate" time="0.019" classname="com.testNG.TestNG_Assignment"/>
  <testcase name="testInverse" time="0.019" classname="com.testNG.TestNG_Assignment"/>
  <testcase name="testAdd" time="0.0" classname="com.testNG.TestNG_Assignment">
    <ignored/>
  </testcase> <!-- testAdd -->
  <testcase name="testMultiply" time="0.0" classname="com.testNG.TestNG_Assignment">
    <ignored/>
  </testcase> <!-- testMultiply -->
  <testcase name="testExponent" time="0.0" classname="com.testNG.TestNG_Assignment">
    <ignored/>
  </testcase> <!-- testExponent -->
  <testcase name="testMod" time="0.0" classname="com.testNG.TestNG_Assignment">
    <ignored/>
  </testcase> <!-- testMod -->
  <testcase name="testSubtract" time="0.0" classname="com.testNG.TestNG_Assignment">
    <ignored/>
  </testcase> <!-- testSubtract -->
  <testcase name="testDivide" time="0.0" classname="com.testNG.TestNG_Assignment">
    <ignored/>
  </testcase> <!-- testDivide -->
</testsuite> <!-- Test -->
